[本次计算开始于(Start):日期(Date):2014-5-11 时间(Time):20:22:40]
参与转换的文件(From):
C:\Documents and Settings\Administrator\桌面\008UNIX2DOS\IF1201_20111222.txt
转换为(To):
C:\Documents and Settings\Administrator\桌面\008UNIX2DOS\IF1201_20111222.txt->C:\Documents and Settings\Administrator\桌面\008UNIX2DOS\IF1201_20111222_dos.txt(ok)
本次操作耗时:2.531秒,共转换1个文件
[======本次计算结束(END)======]

[本次计算开始于(Start):日期(Date):2014-5-11 时间(Time):21:59:35]
参与转换的文件(From):
D:\temp\MyAutoTrader_tick\Bin\temp\IF1201_20111222.txt
D:\temp\MyAutoTrader_tick\Bin\temp\IF1201_20120109.txt
D:\temp\MyAutoTrader_tick\Bin\temp\IF1201_20120110.txt
D:\temp\MyAutoTrader_tick\Bin\temp\IF1202_20120119.txt
D:\temp\MyAutoTrader_tick\Bin\temp\IF1202_20120120.txt
D:\temp\MyAutoTrader_tick\Bin\temp\IF1202_20120202.txt
D:\temp\MyAutoTrader_tick\Bin\temp\IF1202_20120209.txt
D:\temp\MyAutoTrader_tick\Bin\temp\IF1202_20120210.txt
D:\temp\MyAutoTrader_tick\Bin\temp\IF1203_20120222.txt
D:\temp\MyAutoTrader_tick\Bin\temp\IF1203_20120224.txt
D:\temp\MyAutoTrader_tick\Bin\temp\IF1203_20120302.txt
D:\temp\MyAutoTrader_tick\Bin\temp\IF1204_20120411.txt
D:\temp\MyAutoTrader_tick\Bin\temp\IF1206_20120524.txt
D:\temp\MyAutoTrader_tick\Bin\temp\IF1206_20120601.txt
D:\temp\MyAutoTrader_tick\Bin\temp\IF1206_20120608.txt
D:\temp\MyAutoTrader_tick\Bin\temp\IF1207_20120615.txt
转换为(To):
D:\temp\MyAutoTrader_tick\Bin\temp\IF1201_20111222.txt->D:\temp\MyAutoTrader_tick\Bin\temp\IF1201_20111222_dos.txt(ok)
D:\temp\MyAutoTrader_tick\Bin\temp\IF1201_20120109.txt->D:\temp\MyAutoTrader_tick\Bin\temp\IF1201_20120109_dos.txt(ok)
D:\temp\MyAutoTrader_tick\Bin\temp\IF1201_20120110.txt->D:\temp\MyAutoTrader_tick\Bin\temp\IF1201_20120110_dos.txt(ok)
D:\temp\MyAutoTrader_tick\Bin\temp\IF1202_20120119.txt->D:\temp\MyAutoTrader_tick\Bin\temp\IF1202_20120119_dos.txt(ok)
D:\temp\MyAutoTrader_tick\Bin\temp\IF1202_20120120.txt->D:\temp\MyAutoTrader_tick\Bin\temp\IF1202_20120120_dos.txt(ok)
D:\temp\MyAutoTrader_tick\Bin\temp\IF1202_20120202.txt->D:\temp\MyAutoTrader_tick\Bin\temp\IF1202_20120202_dos.txt(ok)
D:\temp\MyAutoTrader_tick\Bin\temp\IF1202_20120209.txt->D:\temp\MyAutoTrader_tick\Bin\temp\IF1202_20120209_dos.txt(ok)
D:\temp\MyAutoTrader_tick\Bin\temp\IF1202_20120210.txt->D:\temp\MyAutoTrader_tick\Bin\temp\IF1202_20120210_dos.txt(ok)
D:\temp\MyAutoTrader_tick\Bin\temp\IF1203_20120222.txt->D:\temp\MyAutoTrader_tick\Bin\temp\IF1203_20120222_dos.txt(ok)
D:\temp\MyAutoTrader_tick\Bin\temp\IF1203_20120224.txt->D:\temp\MyAutoTrader_tick\Bin\temp\IF1203_20120224_dos.txt(ok)
D:\temp\MyAutoTrader_tick\Bin\temp\IF1203_20120302.txt->D:\temp\MyAutoTrader_tick\Bin\temp\IF1203_20120302_dos.txt(ok)
D:\temp\MyAutoTrader_tick\Bin\temp\IF1204_20120411.txt->D:\temp\MyAutoTrader_tick\Bin\temp\IF1204_20120411_dos.txt(ok)
D:\temp\MyAutoTrader_tick\Bin\temp\IF1206_20120524.txt->D:\temp\MyAutoTrader_tick\Bin\temp\IF1206_20120524_dos.txt(ok)
D:\temp\MyAutoTrader_tick\Bin\temp\IF1206_20120601.txt->D:\temp\MyAutoTrader_tick\Bin\temp\IF1206_20120601_dos.txt(ok)
D:\temp\MyAutoTrader_tick\Bin\temp\IF1206_20120608.txt->D:\temp\MyAutoTrader_tick\Bin\temp\IF1206_20120608_dos.txt(ok)
D:\temp\MyAutoTrader_tick\Bin\temp\IF1207_20120615.txt->D:\temp\MyAutoTrader_tick\Bin\temp\IF1207_20120615_dos.txt(ok)
本次操作耗时:45.547秒,共转换16个文件
[======本次计算结束(END)======]

